<?xml version="1.0" encoding="UTF-8"?>
<testsuite xmlns:xsi="http://www.w3.org/2001/XMLSchema-instance" xsi:noNamespaceSchemaLocation="https://maven.apache.org/surefire/maven-surefire-plugin/xsd/surefire-test-report-3.0.xsd" version="3.0" name="com.riamvn.AppTest" time="0.056" tests="6" errors="0" skipped="0" failures="0">
  <properties>
    <property name="java.specification.version" value="17"/>
    <property name="sun.cpu.isalist" value="amd64"/>
    <property name="sun.jnu.encoding" value="Cp1252"/>
    <property name="java.class.path" value="C:\Users\dotdot\Desktop\Desktop\RIA_MVN\riamvn\target\test-classes;C:\Users\dotdot\Desktop\Desktop\RIA_MVN\riamvn\target\classes;C:\Users\dotdot\.m2\repository\junit\junit\4.13.2\junit-4.13.2.jar;C:\Users\dotdot\.m2\repository\org\hamcrest\hamcrest-core\1.3\hamcrest-core-1.3.jar;"/>
    <property name="java.vm.vendor" value="Oracle Corporation"/>
    <property name="sun.arch.data.model" value="64"/>
    <property name="user.variant" value=""/>
    <property name="java.vendor.url" value="https://java.oracle.com/"/>
    <property name="user.timezone" value="Asia/Calcutta"/>
    <property name="os.name" value="Windows 10"/>
    <property name="java.vm.specification.version" value="17"/>
    <property name="sun.java.launcher" value="SUN_STANDARD"/>
    <property name="user.country" value="US"/>
    <property name="sun.boot.library.path" value="C:\Program Files\Java\jdk-17\bin"/>
    <property name="sun.java.command" value="C:\Users\dotdot\AppData\Local\Temp\surefire2731384513484106918\surefirebooter-20230813213513834_3.jar C:\Users\dotdot\AppData\Local\Temp\surefire2731384513484106918 2023-08-13T21-35-13_624-jvmRun1 surefire-20230813213513834_1tmp surefire_0-20230813213513834_2tmp"/>
    <property name="jdk.debug" value="release"/>
    <property name="surefire.test.class.path" value="C:\Users\dotdot\Desktop\Desktop\RIA_MVN\riamvn\target\test-classes;C:\Users\dotdot\Desktop\Desktop\RIA_MVN\riamvn\target\classes;C:\Users\dotdot\.m2\repository\junit\junit\4.13.2\junit-4.13.2.jar;C:\Users\dotdot\.m2\repository\org\hamcrest\hamcrest-core\1.3\hamcrest-core-1.3.jar;"/>
    <property name="sun.cpu.endian" value="little"/>
    <property name="user.home" value="C:\Users\dotdot"/>
    <property name="user.language" value="en"/>
    <property name="java.specification.vendor" value="Oracle Corporation"/>
    <property name="java.version.date" value="2023-01-17"/>
    <property name="java.home" value="C:\Program Files\Java\jdk-17"/>
    <property name="file.separator" value="\"/>
    <property name="basedir" value="C:\Users\dotdot\Desktop\Desktop\RIA_MVN\riamvn"/>
    <property name="java.vm.compressedOopsMode" value="Zero based"/>
    <property name="line.separator" value="&#10;"/>
    <property name="java.vm.specification.vendor" value="Oracle Corporation"/>
    <property name="java.specification.name" value="Java Platform API Specification"/>
    <property name="surefire.real.class.path" value="C:\Users\dotdot\AppData\Local\Temp\surefire2731384513484106918\surefirebooter-20230813213513834_3.jar"/>
    <property name="user.script" value=""/>
    <property name="sun.management.compiler" value="HotSpot 64-Bit Tiered Compilers"/>
    <property name="java.runtime.version" value="17.0.6+9-LTS-190"/>
    <property name="user.name" value="dotdot"/>
    <property name="path.separator" value=";"/>
    <property name="os.version" value="10.0"/>
    <property name="java.runtime.name" value="Java(TM) SE Runtime Environment"/>
    <property name="file.encoding" value="Cp1252"/>
    <property name="java.vm.name" value="Java HotSpot(TM) 64-Bit Server VM"/>
    <property name="localRepository" value="C:\Users\dotdot\.m2\repository"/>
    <property name="java.vendor.url.bug" value="https://bugreport.java.com/bugreport/"/>
    <property name="java.io.tmpdir" value="C:\Users\dotdot\AppData\Local\Temp\"/>
    <property name="java.version" value="17.0.6"/>
    <property name="user.dir" value="C:\Users\dotdot\Desktop\Desktop\RIA_MVN\riamvn"/>
    <property name="os.arch" value="amd64"/>
    <property name="java.vm.specification.name" value="Java Virtual Machine Specification"/>
    <property name="sun.os.patch.level" value=""/>
    <property name="native.encoding" value="Cp1252"/>
    <property name="java.library.path" value="C:\Program Files\Java\jdk-17\bin;C:\WINDOWS\Sun\Java\bin;C:\WINDOWS\system32;C:\WINDOWS;C:\Program Files\Common Files\Oracle\Java\javapath;C:\Program Files\Eclipse Adoptium\jdk-11.0.17.8-hotspot\bin;C:\Python311\Scripts\;C:\Python311\;C:\Program Files\Eclipse Adoptium\jdk-17.0.5.8-hotspot\bin;C:\Windows\system32;C:\Windows;C:\Windows\System32\Wbem;C:\Windows\System32\WindowsPowerShell\v1.0\;C:\Windows\System32\OpenSSH\;C:\Program Files (x86)\NVIDIA Corporation\PhysX\Common;C:\Program Files\NVIDIA Corporation\NVIDIA NvDLISR;C:\WINDOWS\system32;C:\WINDOWS;C:\WINDOWS\System32\Wbem;C:\WINDOWS\System32\WindowsPowerShell\v1.0\;C:\WINDOWS\System32\OpenSSH\;C:\Program Files\nodejs\;C:\ProgramData\chocolatey\bin;C:\Users\dotdot\Downloads\jed098-4.zip\JED\BIN;C:\Program Files\dotnet\;C:\Program Files\apache-maven-3.9.0\bin;C:\ProgramData\chocolatey\lib\maven\apache-maven-3.9.0\bin;C:\Program Files\Git\cmd;C:\Users\dotdot\AppData\Local\Microsoft\WindowsApps;C:\Users\dotdot\AppData\Local\Programs\Microsoft VS Code\bin;C:\Users\dotdot\AppData\Roaming\npm;C:\Users\dotdot\AppData\Local\Android\Sdk;C:\Users\dotdot\AppData\Local\Android\Sdk\platform-tools;C:\Users\dotdot\.dotnet\tools;C:\msys64\mingw64\bin;C:\Program Files\JetBrains\IntelliJ IDEA 2023.2\bin;;C:\Users\dotdot\Desktop\Desktop\devtools\apache-maven-3.9.4\apache-maven\src\bin;;C:\Program Files\JetBrains\IntelliJ IDEA Community Edition 2023.2\bin;;."/>
    <property name="java.vm.info" value="mixed mode, sharing"/>
    <property name="java.vendor" value="Oracle Corporation"/>
    <property name="java.vm.version" value="17.0.6+9-LTS-190"/>
    <property name="sun.io.unicode.encoding" value="UnicodeLittle"/>
    <property name="java.class.version" value="61.0"/>
  </properties>
  <testcase name="test11" classname="com.riamvn.AppTest" time="0.013">
    <system-out><![CDATA[1 book at 12.49
Quantity : 1
Purchased Item : book
Is Imported : false
Is Exempted : true
Price : 12.49
1 music CD at 14.99
Quantity : 1
Purchased Item : music CD
Is Imported : false
Is Exempted : false
Price : 14.99
1 chocolate bar at 0.85
Quantity : 1
Purchased Item : chocolate bar
Is Imported : false
Is Exempted : true
Price : 0.85
1 book at 12.49
Quantity : 1
Purchased Item : book
Is Imported : false
Is Exempted : true
Price : 12.49
1 music CD at 14.99
Quantity : 1
Purchased Item : music CD
Is Imported : false
Is Exempted : false
Price : 14.99
1 chocolate bar at 0.85
Quantity : 1
Purchased Item : chocolate bar
Is Imported : false
Is Exempted : true
Price : 0.85
]]></system-out>
  </testcase>
  <testcase name="test22" classname="com.riamvn.AppTest" time="0.004">
    <system-out><![CDATA[1 imported box of chocolates at 10.00
Quantity : 1
Purchased Item : imported box of chocolates
Is Imported : true
Is Exempted : true
Price : 10.0
1 imported bottle of perfume at 47.50
Quantity : 1
Purchased Item : imported bottle of perfume
Is Imported : true
Is Exempted : false
Price : 47.5
1 imported box of chocolates at 10.00
Quantity : 1
Purchased Item : imported box of chocolates
Is Imported : true
Is Exempted : true
Price : 10.0
1 imported bottle of perfume at 47.50
Quantity : 1
Purchased Item : imported bottle of perfume
Is Imported : true
Is Exempted : false
Price : 47.5
]]></system-out>
  </testcase>
  <testcase name="test33" classname="com.riamvn.AppTest" time="0.006">
    <system-out><![CDATA[1 imported bottle of perfume at 27.99 
Quantity : 1
Purchased Item : imported bottle of perfume
Is Imported : true
Is Exempted : false
Price : 27.99
1 bottle of perfume at 18.99
Quantity : 1
Purchased Item : bottle of perfume
Is Imported : false
Is Exempted : false
Price : 18.99
1 packet of headache pills at 9.75
Quantity : 1
Purchased Item : packet of headache pills
Is Imported : false
Is Exempted : true
Price : 9.75
1 box of imported chocolates at 11.25
Quantity : 1
Purchased Item : box of imported chocolates
Is Imported : true
Is Exempted : true
Price : 11.25
1 imported bottle of perfume at 27.99 
Quantity : 1
Purchased Item : imported bottle of perfume
Is Imported : true
Is Exempted : false
Price : 27.99
1 bottle of perfume at 18.99
Quantity : 1
Purchased Item : bottle of perfume
Is Imported : false
Is Exempted : false
Price : 18.99
1 packet of headache pills at 9.75
Quantity : 1
Purchased Item : packet of headache pills
Is Imported : false
Is Exempted : true
Price : 9.75
1 box of imported chocolates at 11.25
Quantity : 1
Purchased Item : box of imported chocolates
Is Imported : true
Is Exempted : true
Price : 11.25
]]></system-out>
  </testcase>
  <testcase name="test1" classname="com.riamvn.AppTest" time="0.004">
    <system-out><![CDATA[1 book at 12.49
Quantity : 1
Purchased Item : book
Is Imported : false
Is Exempted : true
Price : 12.49
1 music CD at 14.99
Quantity : 1
Purchased Item : music CD
Is Imported : false
Is Exempted : false
Price : 14.99
1 chocolate bar at 0.85
Quantity : 1
Purchased Item : chocolate bar
Is Imported : false
Is Exempted : true
Price : 0.85
1 book at 12.49
Quantity : 1
Purchased Item : book
Is Imported : false
Is Exempted : true
Price : 12.49
1 music CD at 14.99
Quantity : 1
Purchased Item : music CD
Is Imported : false
Is Exempted : false
Price : 14.99
1 chocolate bar at 0.85
Quantity : 1
Purchased Item : chocolate bar
Is Imported : false
Is Exempted : true
Price : 0.85
]]></system-out>
  </testcase>
  <testcase name="test2" classname="com.riamvn.AppTest" time="0.002">
    <system-out><![CDATA[1 imported box of chocolates at 10.00
Quantity : 1
Purchased Item : imported box of chocolates
Is Imported : true
Is Exempted : true
Price : 10.0
1 imported bottle of perfume at 47.50
Quantity : 1
Purchased Item : imported bottle of perfume
Is Imported : true
Is Exempted : false
Price : 47.5
1 imported box of chocolates at 10.00
Quantity : 1
Purchased Item : imported box of chocolates
Is Imported : true
Is Exempted : true
Price : 10.0
1 imported bottle of perfume at 47.50
Quantity : 1
Purchased Item : imported bottle of perfume
Is Imported : true
Is Exempted : false
Price : 47.5
]]></system-out>
  </testcase>
  <testcase name="test3" classname="com.riamvn.AppTest" time="0.005">
    <system-out><![CDATA[1 imported bottle of perfume at 27.99 
Quantity : 1
Purchased Item : imported bottle of perfume
Is Imported : true
Is Exempted : false
Price : 27.99
1 bottle of perfume at 18.99
Quantity : 1
Purchased Item : bottle of perfume
Is Imported : false
Is Exempted : false
Price : 18.99
1 packet of headache pills at 9.75
Quantity : 1
Purchased Item : packet of headache pills
Is Imported : false
Is Exempted : true
Price : 9.75
1 box of imported chocolates at 11.25
Quantity : 1
Purchased Item : box of imported chocolates
Is Imported : true
Is Exempted : true
Price : 11.25
1 imported bottle of perfume at 27.99 
Quantity : 1
Purchased Item : imported bottle of perfume
Is Imported : true
Is Exempted : false
Price : 27.99
1 bottle of perfume at 18.99
Quantity : 1
Purchased Item : bottle of perfume
Is Imported : false
Is Exempted : false
Price : 18.99
1 packet of headache pills at 9.75
Quantity : 1
Purchased Item : packet of headache pills
Is Imported : false
Is Exempted : true
Price : 9.75
1 box of imported chocolates at 11.25
Quantity : 1
Purchased Item : box of imported chocolates
Is Imported : true
Is Exempted : true
Price : 11.25
]]></system-out>
  </testcase>
</testsuite>